flutter_vision_ocr/intermediates/manifest_merge_blame_file/debug/manifest-merger-blame-debug-report.txt
1<?xml version="1.0" encoding="utf-8"?>
2<manifest xmlns:android="http://schemas.android.com/apk/res/android"
3    package="com.flutterallinone.flutter_vision_ocr" >
4
5    <uses-sdk
6        android:minSdkVersion="16"
6-->src\main\AndroidManifest.xml
7        android:targetSdkVersion="16" />
7-->src\main\AndroidManifest.xml
8
9    <uses-permission android:name="android.permission.CAMERA" />
9-->src\main\AndroidManifest.xml:3:5-65
9-->src\main\AndroidManifest.xml:3:22-62
10    <uses-permission android:name="android.permission.READ_EXTERNAL_STORAGE" />
10-->src\main\AndroidManifest.xml:4:5-80
10-->src\main\AndroidManifest.xml:4:22-77
11
12</manifest>